<?xml version="1.0" encoding="UTF-8"?>
<testsuite xmlns:xsi="http://www.w3.org/2001/XMLSchema-instance" xsi:noNamespaceSchemaLocation="https://maven.apache.org/surefire/maven-surefire-plugin/xsd/surefire-test-report.xsd" name="com.mobiquityinc.packer.PackerTest" time="0.021" tests="5" errors="0" skipped="0" failures="0">
  <properties>
[...]
</properties>
  <testcase name="throwExceptionWhenMaxWeighIsExceded" classname="com.mobiquityinc.packer.PackerTest" time="0.007"/>
  <testcase name="throwExceptionWhenMaxWightItemIsExceeded" classname="com.mobiquityinc.packer.PackerTest" time="0.001"/>
  <testcase name="throwExceptionWhenMaxCostItemIsExceeded" classname="com.mobiquityinc.packer.PackerTest" time="0.001"/>
  <testcase name="sucessCase" classname="com.mobiquityinc.packer.PackerTest" time="0.004"/>
  <testcase name="throwExceptionWhenNumberOfItemsExceded" classname="com.mobiquityinc.packer.PackerTest" time="0.002"/>
</testsuite>